EDA Netlist Writer report for lab3_FSM
Fri Oct  2 08:42:47 2015
Quartus II 64-Bit Version 15.0.0 Build 145 04/22/2015 SJ Full Version


---------------------
; Table of Contents ;
---------------------
  1. Legal Notice
  2. EDA Netlist Writer Summary
  3. Simulation Settings
  4. Simulation Generated Files
  5. EDA Netlist Writer Messages



----------------
; Legal Notice ;
----------------
Copyright (C) 1991-2015 Altera Corporation. All rights reserved.
Your use of Altera Corporation's design tools, logic functions 
and other software and tools, and its AMPP partner logic 
functions, and any output files from any of the foregoing 
(including device programming or simulation files), and any 
associated documentation or information are expressly subject 
to the terms and conditions of the Altera Program License 
Subscription Agreement, the Altera Quartus II License Agreement,
the Altera MegaCore Function License Agreement, or other 
applicable license agreement, including, without limitation, 
that your use is for the sole purpose of programming logic 
devices manufactured by Altera and sold by Altera or its 
authorized distributors.  Please refer to the applicable 
agreement for further details.



+-------------------------------------------------------------------+
; EDA Netlist Writer Summary                                        ;
+---------------------------+---------------------------------------+
; EDA Netlist Writer Status ; Successful - Fri Oct  2 08:42:47 2015 ;
; Revision Name             ; lab3_FSM                              ;
; Top-level Entity Name     ; top_alarm                             ;
; Family                    ; Cyclone IV E                          ;
; Simulation Files Creation ; Successful                            ;
+---------------------------+---------------------------------------+


+----------------------------------------------------------------------------------------------------------------------------+
; Simulation Settings                                                                                                        ;
+---------------------------------------------------------------------------------------------------+------------------------+
; Option                                                                                            ; Setting                ;
+---------------------------------------------------------------------------------------------------+------------------------+
; Tool Name                                                                                         ; ModelSim-Altera (VHDL) ;
; Generate netlist for functional simulation only                                                   ; Off                    ;
; Time scale                                                                                        ; 1 ps                   ;
; Truncate long hierarchy paths                                                                     ; Off                    ;
; Map illegal HDL characters                                                                        ; Off                    ;
; Flatten buses into individual nodes                                                               ; Off                    ;
; Maintain hierarchy                                                                                ; Off                    ;
; Bring out device-wide set/reset signals as ports                                                  ; Off                    ;
; Enable glitch filtering                                                                           ; Off                    ;
; Do not write top level VHDL entity                                                                ; Off                    ;
; Disable detection of setup and hold time violations in the input registers of bi-directional pins ; Off                    ;
; Architecture name in VHDL output netlist                                                          ; structure              ;
; Generate third-party EDA tool command script for RTL functional simulation                        ; Off                    ;
; Generate third-party EDA tool command script for gate-level simulation                            ; Off                    ;
+---------------------------------------------------------------------------------------------------+------------------------+


+----------------------------------------------------------------------------------------------------------------------------------------+
; Simulation Generated Files                                                                                                             ;
+----------------------------------------------------------------------------------------------------------------------------------------+
; Generated Files                                                                                                                        ;
+----------------------------------------------------------------------------------------------------------------------------------------+
; /home/parallels/workspace/digital_vhdl/il2217-digital-design-using-hdl/lab3_dp/simulation/modelsim/lab3_FSM_7_1200mv_85c_slow.vho      ;
; /home/parallels/workspace/digital_vhdl/il2217-digital-design-using-hdl/lab3_dp/simulation/modelsim/lab3_FSM_7_1200mv_0c_slow.vho       ;
; /home/parallels/workspace/digital_vhdl/il2217-digital-design-using-hdl/lab3_dp/simulation/modelsim/lab3_FSM_min_1200mv_0c_fast.vho     ;
; /home/parallels/workspace/digital_vhdl/il2217-digital-design-using-hdl/lab3_dp/simulation/modelsim/lab3_FSM.vho                        ;
; /home/parallels/workspace/digital_vhdl/il2217-digital-design-using-hdl/lab3_dp/simulation/modelsim/lab3_FSM_7_1200mv_85c_vhd_slow.sdo  ;
; /home/parallels/workspace/digital_vhdl/il2217-digital-design-using-hdl/lab3_dp/simulation/modelsim/lab3_FSM_7_1200mv_0c_vhd_slow.sdo   ;
; /home/parallels/workspace/digital_vhdl/il2217-digital-design-using-hdl/lab3_dp/simulation/modelsim/lab3_FSM_min_1200mv_0c_vhd_fast.sdo ;
; /home/parallels/workspace/digital_vhdl/il2217-digital-design-using-hdl/lab3_dp/simulation/modelsim/lab3_FSM_vhd.sdo                    ;
+----------------------------------------------------------------------------------------------------------------------------------------+


+-----------------------------+
; EDA Netlist Writer Messages ;
+-----------------------------+
Info: *******************************************************************
Info: Running Quartus II 64-Bit EDA Netlist Writer
    Info: Version 15.0.0 Build 145 04/22/2015 SJ Full Version
    Info: Processing started: Fri Oct  2 08:42:47 2015
Info: Command: quartus_eda --read_settings_files=off --write_settings_files=off lab3_FSM -c lab3_FSM
Info (204019): Generated file lab3_FSM_7_1200mv_85c_slow.vho in folder "/home/parallels/workspace/digital_vhdl/il2217-digital-design-using-hdl/lab3_dp/simulation/modelsim/" for EDA simulation tool
Info (204019): Generated file lab3_FSM_7_1200mv_0c_slow.vho in folder "/home/parallels/workspace/digital_vhdl/il2217-digital-design-using-hdl/lab3_dp/simulation/modelsim/" for EDA simulation tool
Info (204019): Generated file lab3_FSM_min_1200mv_0c_fast.vho in folder "/home/parallels/workspace/digital_vhdl/il2217-digital-design-using-hdl/lab3_dp/simulation/modelsim/" for EDA simulation tool
Info (204019): Generated file lab3_FSM.vho in folder "/home/parallels/workspace/digital_vhdl/il2217-digital-design-using-hdl/lab3_dp/simulation/modelsim/" for EDA simulation tool
Info (204019): Generated file lab3_FSM_7_1200mv_85c_vhd_slow.sdo in folder "/home/parallels/workspace/digital_vhdl/il2217-digital-design-using-hdl/lab3_dp/simulation/modelsim/" for EDA simulation tool
Info (204019): Generated file lab3_FSM_7_1200mv_0c_vhd_slow.sdo in folder "/home/parallels/workspace/digital_vhdl/il2217-digital-design-using-hdl/lab3_dp/simulation/modelsim/" for EDA simulation tool
Info (204019): Generated file lab3_FSM_min_1200mv_0c_vhd_fast.sdo in folder "/home/parallels/workspace/digital_vhdl/il2217-digital-design-using-hdl/lab3_dp/simulation/modelsim/" for EDA simulation tool
Info (204019): Generated file lab3_FSM_vhd.sdo in folder "/home/parallels/workspace/digital_vhdl/il2217-digital-design-using-hdl/lab3_dp/simulation/modelsim/" for EDA simulation tool
Info: Quartus II 64-Bit EDA Netlist Writer was successful. 0 errors, 0 warnings
    Info: Peak virtual memory: 1125 megabytes
    Info: Processing ended: Fri Oct  2 08:42:48 2015
    Info: Elapsed time: 00:00:01
    Info: Total CPU time (on all processors): 00:00:01


