Analysis & Synthesis report for ALU
Tue Sep 29 21:53:08 2015
Quartus II 64-Bit Version 15.0.0 Build 145 04/22/2015 SJ Full Version


---------------------
; Table of Contents ;
---------------------
  1. Legal Notice
  2. Analysis & Synthesis Summary
  3. Analysis & Synthesis Settings
  4. Parallel Compilation
  5. Analysis & Synthesis Source Files Read
  6. Analysis & Synthesis Resource Usage Summary
  7. Analysis & Synthesis Resource Utilization by Entity
  8. General Register Statistics
  9. Multiplexer Restructuring Statistics (Restructuring Performed)
 10. Parameter Settings for User Entity Instance: Top-level Entity: |alu
 11. Parameter Settings for User Entity Instance: addSub:T1
 12. Parameter Settings for User Entity Instance: addSub:T2
 13. Port Connectivity Checks: "bcd2_7seg:W7"
 14. Port Connectivity Checks: "addSub:T2"
 15. Port Connectivity Checks: "addSub:T1"
 16. Post-Synthesis Netlist Statistics for Top Partition
 17. Elapsed Time Per Partition
 18. Analysis & Synthesis Messages



----------------
; Legal Notice ;
----------------
Copyright (C) 1991-2015 Altera Corporation. All rights reserved.
Your use of Altera Corporation's design tools, logic functions 
and other software and tools, and its AMPP partner logic 
functions, and any output files from any of the foregoing 
(including device programming or simulation files), and any 
associated documentation or information are expressly subject 
to the terms and conditions of the Altera Program License 
Subscription Agreement, the Altera Quartus II License Agreement,
the Altera MegaCore Function License Agreement, or other 
applicable license agreement, including, without limitation, 
that your use is for the sole purpose of programming logic 
devices manufactured by Altera and sold by Altera or its 
authorized distributors.  Please refer to the applicable 
agreement for further details.



+----------------------------------------------------------------------------------+
; Analysis & Synthesis Summary                                                     ;
+------------------------------------+---------------------------------------------+
; Analysis & Synthesis Status        ; Successful - Tue Sep 29 21:53:08 2015       ;
; Quartus II 64-Bit Version          ; 15.0.0 Build 145 04/22/2015 SJ Full Version ;
; Revision Name                      ; ALU                                         ;
; Top-level Entity Name              ; alu                                         ;
; Family                             ; Cyclone IV E                                ;
; Total logic elements               ; 78                                          ;
;     Total combinational functions  ; 78                                          ;
;     Dedicated logic registers      ; 0                                           ;
; Total registers                    ; 0                                           ;
; Total pins                         ; 84                                          ;
; Total virtual pins                 ; 0                                           ;
; Total memory bits                  ; 0                                           ;
; Embedded Multiplier 9-bit elements ; 0                                           ;
; Total PLLs                         ; 0                                           ;
+------------------------------------+---------------------------------------------+


+----------------------------------------------------------------------------------------------------------------------+
; Analysis & Synthesis Settings                                                                                        ;
+----------------------------------------------------------------------------+--------------------+--------------------+
; Option                                                                     ; Setting            ; Default Value      ;
+----------------------------------------------------------------------------+--------------------+--------------------+
; Device                                                                     ; EP4CE115F29C7      ;                    ;
; Top-level entity name                                                      ; alu                ; ALU                ;
; Family name                                                                ; Cyclone IV E       ; Stratix II         ;
; VHDL Show LMF Mapping Messages                                             ; Off                ;                    ;
; VHDL Version                                                               ; VHDL_2008          ; VHDL_1993          ;
; Use smart compilation                                                      ; Off                ; Off                ;
; Enable parallel Assembler and TimeQuest Timing Analyzer during compilation ; On                 ; On                 ;
; Enable compact report table                                                ; Off                ; Off                ;
; Restructure Multiplexers                                                   ; Auto               ; Auto               ;
; Create Debugging Nodes for IP Cores                                        ; Off                ; Off                ;
; Preserve fewer node names                                                  ; On                 ; On                 ;
; Disable OpenCore Plus hardware evaluation                                  ; Off                ; Off                ;
; Verilog Version                                                            ; Verilog_2001       ; Verilog_2001       ;
; State Machine Processing                                                   ; Auto               ; Auto               ;
; Safe State Machine                                                         ; Off                ; Off                ;
; Extract Verilog State Machines                                             ; On                 ; On                 ;
; Extract VHDL State Machines                                                ; On                 ; On                 ;
; Ignore Verilog initial constructs                                          ; Off                ; Off                ;
; Iteration limit for constant Verilog loops                                 ; 5000               ; 5000               ;
; Iteration limit for non-constant Verilog loops                             ; 250                ; 250                ;
; Add Pass-Through Logic to Inferred RAMs                                    ; On                 ; On                 ;
; Infer RAMs from Raw Logic                                                  ; On                 ; On                 ;
; Parallel Synthesis                                                         ; On                 ; On                 ;
; DSP Block Balancing                                                        ; Auto               ; Auto               ;
; NOT Gate Push-Back                                                         ; On                 ; On                 ;
; Power-Up Don't Care                                                        ; On                 ; On                 ;
; Remove Redundant Logic Cells                                               ; Off                ; Off                ;
; Remove Duplicate Registers                                                 ; On                 ; On                 ;
; Ignore CARRY Buffers                                                       ; Off                ; Off                ;
; Ignore CASCADE Buffers                                                     ; Off                ; Off                ;
; Ignore GLOBAL Buffers                                                      ; Off                ; Off                ;
; Ignore ROW GLOBAL Buffers                                                  ; Off                ; Off                ;
; Ignore LCELL Buffers                                                       ; Off                ; Off                ;
; Ignore SOFT Buffers                                                        ; On                 ; On                 ;
; Limit AHDL Integers to 32 Bits                                             ; Off                ; Off                ;
; Optimization Technique                                                     ; Balanced           ; Balanced           ;
; Carry Chain Length                                                         ; 70                 ; 70                 ;
; Auto Carry Chains                                                          ; On                 ; On                 ;
; Auto Open-Drain Pins                                                       ; On                 ; On                 ;
; Perform WYSIWYG Primitive Resynthesis                                      ; Off                ; Off                ;
; Auto ROM Replacement                                                       ; On                 ; On                 ;
; Auto RAM Replacement                                                       ; On                 ; On                 ;
; Auto DSP Block Replacement                                                 ; On                 ; On                 ;
; Auto Shift Register Replacement                                            ; Auto               ; Auto               ;
; Allow Shift Register Merging across Hierarchies                            ; Auto               ; Auto               ;
; Auto Clock Enable Replacement                                              ; On                 ; On                 ;
; Strict RAM Replacement                                                     ; Off                ; Off                ;
; Allow Synchronous Control Signals                                          ; On                 ; On                 ;
; Force Use of Synchronous Clear Signals                                     ; Off                ; Off                ;
; Auto RAM Block Balancing                                                   ; On                 ; On                 ;
; Auto RAM to Logic Cell Conversion                                          ; Off                ; Off                ;
; Auto Resource Sharing                                                      ; Off                ; Off                ;
; Allow Any RAM Size For Recognition                                         ; Off                ; Off                ;
; Allow Any ROM Size For Recognition                                         ; Off                ; Off                ;
; Allow Any Shift Register Size For Recognition                              ; Off                ; Off                ;
; Use LogicLock Constraints during Resource Balancing                        ; On                 ; On                 ;
; Ignore translate_off and synthesis_off directives                          ; Off                ; Off                ;
; Timing-Driven Synthesis                                                    ; On                 ; On                 ;
; Report Parameter Settings                                                  ; On                 ; On                 ;
; Report Source Assignments                                                  ; On                 ; On                 ;
; Report Connectivity Checks                                                 ; On                 ; On                 ;
; Ignore Maximum Fan-Out Assignments                                         ; Off                ; Off                ;
; Synchronization Register Chain Length                                      ; 2                  ; 2                  ;
; PowerPlay Power Optimization During Synthesis                              ; Normal compilation ; Normal compilation ;
; HDL message level                                                          ; Level2             ; Level2             ;
; Suppress Register Optimization Related Messages                            ; Off                ; Off                ;
; Number of Removed Registers Reported in Synthesis Report                   ; 5000               ; 5000               ;
; Number of Swept Nodes Reported in Synthesis Report                         ; 5000               ; 5000               ;
; Number of Inverted Registers Reported in Synthesis Report                  ; 100                ; 100                ;
; Clock MUX Protection                                                       ; On                 ; On                 ;
; Auto Gated Clock Conversion                                                ; Off                ; Off                ;
; Block Design Naming                                                        ; Auto               ; Auto               ;
; SDC constraint protection                                                  ; Off                ; Off                ;
; Synthesis Effort                                                           ; Auto               ; Auto               ;
; Shift Register Replacement - Allow Asynchronous Clear Signal               ; On                 ; On                 ;
; Pre-Mapping Resynthesis Optimization                                       ; Off                ; Off                ;
; Analysis & Synthesis Message Level                                         ; Medium             ; Medium             ;
; Disable Register Merging Across Hierarchies                                ; Auto               ; Auto               ;
; Resource Aware Inference For Block RAM                                     ; On                 ; On                 ;
; Synthesis Seed                                                             ; 1                  ; 1                  ;
+----------------------------------------------------------------------------+--------------------+--------------------+


+------------------------------------------+
; Parallel Compilation                     ;
+----------------------------+-------------+
; Processors                 ; Number      ;
+----------------------------+-------------+
; Number detected on machine ; 2           ;
; Maximum allowed            ; 2           ;
;                            ;             ;
; Average used               ; 1.00        ;
; Maximum used               ; 1           ;
;                            ;             ;
; Usage by Processor         ; % Time Used ;
;     Processor 1            ; 100.0%      ;
;     Processor 2            ;   0.0%      ;
+----------------------------+-------------+


+---------------------------------------------------------------------------------------------------------------------------------------------------------------------------------+
; Analysis & Synthesis Source Files Read                                                                                                                                          ;
+----------------------------------+-----------------+-----------------+------------------------------------------------------------------------------------------------+---------+
; File Name with User-Entered Path ; Used in Netlist ; File Type       ; File Name with Absolute Path                                                                   ; Library ;
+----------------------------------+-----------------+-----------------+------------------------------------------------------------------------------------------------+---------+
; add_1.vhd                        ; yes             ; User VHDL File  ; /home/parallels/workspace/digital_vhdl/il2217-digital-design-using-hdl/lab1_dp_7seg/add_1.vhd  ;         ;
; addsub.vhd                       ; yes             ; User VHDL File  ; /home/parallels/workspace/digital_vhdl/il2217-digital-design-using-hdl/lab1_dp_7seg/addsub.vhd ;         ;
; alu.vhd                          ; yes             ; User VHDL File  ; /home/parallels/workspace/digital_vhdl/il2217-digital-design-using-hdl/lab1_dp_7seg/alu.vhd    ;         ;
+----------------------------------+-----------------+-----------------+------------------------------------------------------------------------------------------------+---------+


+--------------------------------------------------------------+
; Analysis & Synthesis Resource Usage Summary                  ;
+---------------------------------------------+----------------+
; Resource                                    ; Usage          ;
+---------------------------------------------+----------------+
; Estimated Total logic elements              ; 78             ;
;                                             ;                ;
; Total combinational functions               ; 78             ;
; Logic element usage by number of LUT inputs ;                ;
;     -- 4 input functions                    ; 61             ;
;     -- 3 input functions                    ; 14             ;
;     -- <=2 input functions                  ; 3              ;
;                                             ;                ;
; Logic elements by mode                      ;                ;
;     -- normal mode                          ; 78             ;
;     -- arithmetic mode                      ; 0              ;
;                                             ;                ;
; Total registers                             ; 0              ;
;     -- Dedicated logic registers            ; 0              ;
;     -- I/O registers                        ; 0              ;
;                                             ;                ;
; I/O pins                                    ; 84             ;
;                                             ;                ;
; Embedded Multiplier 9-bit elements          ; 0              ;
;                                             ;                ;
; Maximum fan-out node                        ; SWTO[17]~input ;
; Maximum fan-out                             ; 20             ;
; Total fan-out                               ; 441            ;
; Average fan-out                             ; 1.79           ;
+---------------------------------------------+----------------+


+---------------------------------------------------------------------------------------------------------------------------------------------------------------------------------------+
; Analysis & Synthesis Resource Utilization by Entity                                                                                                                                   ;
+----------------------------+-------------------+--------------+-------------+--------------+---------+-----------+------+--------------+-------------------------------+--------------+
; Compilation Hierarchy Node ; LC Combinationals ; LC Registers ; Memory Bits ; DSP Elements ; DSP 9x9 ; DSP 18x18 ; Pins ; Virtual Pins ; Full Hierarchy Name           ; Library Name ;
+----------------------------+-------------------+--------------+-------------+--------------+---------+-----------+------+--------------+-------------------------------+--------------+
; |alu                       ; 78 (20)           ; 0 (0)        ; 0           ; 0            ; 0       ; 0         ; 84   ; 0            ; |alu                          ; work         ;
;    |addSub:T1|             ; 7 (0)             ; 0 (0)        ; 0           ; 0            ; 0       ; 0         ; 0    ; 0            ; |alu|addSub:T1                ; work         ;
;       |add_1:\G0:1:U0|     ; 1 (1)             ; 0 (0)        ; 0           ; 0            ; 0       ; 0         ; 0    ; 0            ; |alu|addSub:T1|add_1:\G0:1:U0 ; work         ;
;       |add_1:\G0:3:U0|     ; 2 (2)             ; 0 (0)        ; 0           ; 0            ; 0       ; 0         ; 0    ; 0            ; |alu|addSub:T1|add_1:\G0:3:U0 ; work         ;
;       |add_1:\G0:5:U0|     ; 2 (2)             ; 0 (0)        ; 0           ; 0            ; 0       ; 0         ; 0    ; 0            ; |alu|addSub:T1|add_1:\G0:5:U0 ; work         ;
;       |add_1:\G0:7:U0|     ; 2 (2)             ; 0 (0)        ; 0           ; 0            ; 0       ; 0         ; 0    ; 0            ; |alu|addSub:T1|add_1:\G0:7:U0 ; work         ;
;    |addSub:T2|             ; 6 (0)             ; 0 (0)        ; 0           ; 0            ; 0       ; 0         ; 0    ; 0            ; |alu|addSub:T2                ; work         ;
;       |add_1:\G0:1:U0|     ; 1 (1)             ; 0 (0)        ; 0           ; 0            ; 0       ; 0         ; 0    ; 0            ; |alu|addSub:T2|add_1:\G0:1:U0 ; work         ;
;       |add_1:\G0:2:U0|     ; 1 (1)             ; 0 (0)        ; 0           ; 0            ; 0       ; 0         ; 0    ; 0            ; |alu|addSub:T2|add_1:\G0:2:U0 ; work         ;
;       |add_1:\G0:3:U0|     ; 1 (1)             ; 0 (0)        ; 0           ; 0            ; 0       ; 0         ; 0    ; 0            ; |alu|addSub:T2|add_1:\G0:3:U0 ; work         ;
;       |add_1:\G0:4:U0|     ; 1 (1)             ; 0 (0)        ; 0           ; 0            ; 0       ; 0         ; 0    ; 0            ; |alu|addSub:T2|add_1:\G0:4:U0 ; work         ;
;       |add_1:\G0:5:U0|     ; 1 (1)             ; 0 (0)        ; 0           ; 0            ; 0       ; 0         ; 0    ; 0            ; |alu|addSub:T2|add_1:\G0:5:U0 ; work         ;
;       |add_1:\G0:6:U0|     ; 1 (1)             ; 0 (0)        ; 0           ; 0            ; 0       ; 0         ; 0    ; 0            ; |alu|addSub:T2|add_1:\G0:6:U0 ; work         ;
;    |bcd2_7seg:W1|          ; 7 (7)             ; 0 (0)        ; 0           ; 0            ; 0       ; 0         ; 0    ; 0            ; |alu|bcd2_7seg:W1             ; work         ;
;    |bcd2_7seg:W2|          ; 7 (7)             ; 0 (0)        ; 0           ; 0            ; 0       ; 0         ; 0    ; 0            ; |alu|bcd2_7seg:W2             ; work         ;
;    |bcd2_7seg:W3|          ; 7 (7)             ; 0 (0)        ; 0           ; 0            ; 0       ; 0         ; 0    ; 0            ; |alu|bcd2_7seg:W3             ; work         ;
;    |bcd2_7seg:W4|          ; 7 (7)             ; 0 (0)        ; 0           ; 0            ; 0       ; 0         ; 0    ; 0            ; |alu|bcd2_7seg:W4             ; work         ;
;    |bcd2_7seg:W5|          ; 7 (7)             ; 0 (0)        ; 0           ; 0            ; 0       ; 0         ; 0    ; 0            ; |alu|bcd2_7seg:W5             ; work         ;
;    |bcd2_7seg:W6|          ; 7 (7)             ; 0 (0)        ; 0           ; 0            ; 0       ; 0         ; 0    ; 0            ; |alu|bcd2_7seg:W6             ; work         ;
;    |bcd2_7seg:W7|          ; 3 (3)             ; 0 (0)        ; 0           ; 0            ; 0       ; 0         ; 0    ; 0            ; |alu|bcd2_7seg:W7             ; work         ;
+----------------------------+-------------------+--------------+-------------+--------------+---------+-----------+------+--------------+-------------------------------+--------------+
Note: For table entries with two numbers listed, the numbers in parentheses indicate the number of resources of the given type used by the specific entity alone. The numbers listed outside of parentheses indicate the total resources of the given type used by the specific entity and all of its sub-entities in the hierarchy.


+------------------------------------------------------+
; General Register Statistics                          ;
+----------------------------------------------+-------+
; Statistic                                    ; Value ;
+----------------------------------------------+-------+
; Total registers                              ; 0     ;
; Number of registers using Synchronous Clear  ; 0     ;
; Number of registers using Synchronous Load   ; 0     ;
; Number of registers using Asynchronous Clear ; 0     ;
; Number of registers using Asynchronous Load  ; 0     ;
; Number of registers using Clock Enable       ; 0     ;
; Number of registers using Preset             ; 0     ;
+----------------------------------------------+-------+


+------------------------------------------------------------------------------------------------------------------------------------------+
; Multiplexer Restructuring Statistics (Restructuring Performed)                                                                           ;
+--------------------+-----------+---------------+----------------------+------------------------+------------+----------------------------+
; Multiplexer Inputs ; Bus Width ; Baseline Area ; Area if Restructured ; Saving if Restructured ; Registered ; Example Multiplexer Output ;
+--------------------+-----------+---------------+----------------------+------------------------+------------+----------------------------+
; 4:1                ; 7 bits    ; 14 LEs        ; 14 LEs               ; 0 LEs                  ; No         ; |alu|Mux7                  ;
+--------------------+-----------+---------------+----------------------+------------------------+------------+----------------------------+


+---------------------------------------------------------------------+
; Parameter Settings for User Entity Instance: Top-level Entity: |alu ;
+----------------+-------+--------------------------------------------+
; Parameter Name ; Value ; Type                                       ;
+----------------+-------+--------------------------------------------+
; size           ; 8     ; Signed Integer                             ;
+----------------+-------+--------------------------------------------+
Note: In order to hide this table in the UI and the text report file, please set the "Show Parameter Settings in Synthesis Report" option in "Analysis and Synthesis Settings -> More Settings" to "Off".


+--------------------------------------------------------+
; Parameter Settings for User Entity Instance: addSub:T1 ;
+----------------+-------+-------------------------------+
; Parameter Name ; Value ; Type                          ;
+----------------+-------+-------------------------------+
; size           ; 8     ; Signed Integer                ;
+----------------+-------+-------------------------------+
Note: In order to hide this table in the UI and the text report file, please set the "Show Parameter Settings in Synthesis Report" option in "Analysis and Synthesis Settings -> More Settings" to "Off".


+--------------------------------------------------------+
; Parameter Settings for User Entity Instance: addSub:T2 ;
+----------------+-------+-------------------------------+
; Parameter Name ; Value ; Type                          ;
+----------------+-------+-------------------------------+
; size           ; 8     ; Signed Integer                ;
+----------------+-------+-------------------------------+
Note: In order to hide this table in the UI and the text report file, please set the "Show Parameter Settings in Synthesis Report" option in "Analysis and Synthesis Settings -> More Settings" to "Off".


+---------------------------------------------+
; Port Connectivity Checks: "bcd2_7seg:W7"    ;
+-----------+-------+----------+--------------+
; Port      ; Type  ; Severity ; Details      ;
+-----------+-------+----------+--------------+
; bcd[3..2] ; Input ; Info     ; Stuck at GND ;
+-----------+-------+----------+--------------+


+----------------------------------------+
; Port Connectivity Checks: "addSub:T2"  ;
+------+-------+----------+--------------+
; Port ; Type  ; Severity ; Details      ;
+------+-------+----------+--------------+
; sub  ; Input ; Info     ; Stuck at VCC ;
+------+-------+----------+--------------+


+----------------------------------------+
; Port Connectivity Checks: "addSub:T1"  ;
+------+-------+----------+--------------+
; Port ; Type  ; Severity ; Details      ;
+------+-------+----------+--------------+
; sub  ; Input ; Info     ; Stuck at GND ;
+------+-------+----------+--------------+


+-----------------------------------------------------+
; Post-Synthesis Netlist Statistics for Top Partition ;
+-----------------------+-----------------------------+
; Type                  ; Count                       ;
+-----------------------+-----------------------------+
; boundary_port         ; 84                          ;
; cycloneiii_lcell_comb ; 86                          ;
;     normal            ; 86                          ;
;         0 data inputs ; 1                           ;
;         1 data inputs ; 7                           ;
;         2 data inputs ; 3                           ;
;         3 data inputs ; 14                          ;
;         4 data inputs ; 61                          ;
;                       ;                             ;
; Max LUT depth         ; 10.00                       ;
; Average LUT depth     ; 5.30                        ;
+-----------------------+-----------------------------+


+-------------------------------+
; Elapsed Time Per Partition    ;
+----------------+--------------+
; Partition Name ; Elapsed Time ;
+----------------+--------------+
; Top            ; 00:00:00     ;
+----------------+--------------+


+-------------------------------+
; Analysis & Synthesis Messages ;
+-------------------------------+
Info: *******************************************************************
Info: Running Quartus II 64-Bit Analysis & Synthesis
    Info: Version 15.0.0 Build 145 04/22/2015 SJ Full Version
    Info: Processing started: Tue Sep 29 21:52:53 2015
Info: Command: quartus_map --read_settings_files=on --write_settings_files=off ALU -c ALU
Info (20030): Parallel compilation is enabled and will use 2 of the 2 processors detected
Info (12021): Found 2 design units, including 1 entities, in source file tb_ALU.vhd
    Info (12022): Found design unit 1: tb_ALU-ALUTest
    Info (12023): Found entity 1: tb_ALU
Info (12021): Found 2 design units, including 1 entities, in source file add_1.vhd
    Info (12022): Found design unit 1: add_1-rtl
    Info (12023): Found entity 1: add_1
Info (12021): Found 2 design units, including 1 entities, in source file tb_add_1.vhd
    Info (12022): Found design unit 1: tb_add_1-testadd_1
    Info (12023): Found entity 1: tb_add_1
Warning (12090): Entity "mux" obtained from "mux.vhd" instead of from Quartus II megafunction library
Info (12021): Found 3 design units, including 1 entities, in source file mux.vhd
    Info (12022): Found design unit 1: mux-behavioural
    Info (12022): Found design unit 2: mux-dataflow
    Info (12023): Found entity 1: mux
Info (12021): Found 2 design units, including 1 entities, in source file tb_mux.vhd
    Info (12022): Found design unit 1: test_mux-testMux
    Info (12023): Found entity 1: test_mux
Info (12021): Found 2 design units, including 1 entities, in source file addsub.vhd
    Info (12022): Found design unit 1: addSub-structural
    Info (12023): Found entity 1: addSub
Info (12021): Found 2 design units, including 1 entities, in source file tb_addsub.vhd
    Info (12022): Found design unit 1: test-tb_addSub
    Info (12023): Found entity 1: test
Info (12021): Found 4 design units, including 2 entities, in source file alu.vhd
    Info (12022): Found design unit 1: alu-structural
    Info (12022): Found design unit 2: bcd2_7seg-bhv
    Info (12023): Found entity 1: alu
    Info (12023): Found entity 2: bcd2_7seg
Info (12127): Elaborating entity "alu" for the top level hierarchy
Warning (10492): VHDL Process Statement warning at alu.vhd(70): signal "cout_sub" is read inside the Process Statement but isn't in the Process Statement's sensitivity list
Warning (10492): VHDL Process Statement warning at alu.vhd(75): signal "cout_add" is read inside the Process Statement but isn't in the Process Statement's sensitivity list
Info (12128): Elaborating entity "addSub" for hierarchy "addSub:T1"
Info (12128): Elaborating entity "add_1" for hierarchy "addSub:T1|add_1:\G0:7:U0"
Info (12128): Elaborating entity "bcd2_7seg" for hierarchy "bcd2_7seg:W1"
Warning (13024): Output pins are stuck at VCC or GND
    Warning (13410): Pin "HEXTO6[1]" is stuck at GND
Info (286030): Timing-Driven Synthesis is running
Info (16010): Generating hard_block partition "hard_block:auto_generated_inst"
    Info (16011): Adding 0 node(s), including 0 DDIO, 0 PLL, 0 transceiver and 0 LCELL
Info (21057): Implemented 162 device resources after synthesis - the final resource count might be different
    Info (21058): Implemented 18 input pins
    Info (21059): Implemented 66 output pins
    Info (21061): Implemented 78 logic cells
Info: Quartus II 64-Bit Analysis & Synthesis was successful. 0 errors, 5 warnings
    Info: Peak virtual memory: 1026 megabytes
    Info: Processing ended: Tue Sep 29 21:53:08 2015
    Info: Elapsed time: 00:00:15
    Info: Total CPU time (on all processors): 00:00:22


