Flow report for lab2_dp
Mon Sep 21 23:26:02 2015
Quartus II Version 10.0 Build 218 06/27/2010 SJ Full Version


---------------------
; Table of Contents ;
---------------------
  1. Legal Notice
  2. Flow Summary
  3. Flow Settings
  4. Flow Non-Default Global Settings
  5. Flow Elapsed Time
  6. Flow OS Summary
  7. Flow Log



----------------
; Legal Notice ;
----------------
Copyright (C) 1991-2010 Altera Corporation
Your use of Altera Corporation's design tools, logic functions 
and other software and tools, and its AMPP partner logic 
functions, and any output files from any of the foregoing 
(including device programming or simulation files), and any 
associated documentation or information are expressly subject 
to the terms and conditions of the Altera Program License 
Subscription Agreement, Altera MegaCore Function License 
Agreement, or other applicable license agreement, including, 
without limitation, that your use is for the sole purpose of 
programming logic devices manufactured by Altera and sold by 
Altera or its authorized distributors.  Please refer to the 
applicable agreement for further details.



+--------------------------------------------------------------------------------+
; Flow Summary                                                                   ;
+------------------------------------+-------------------------------------------+
; Flow Status                        ; Successful - Mon Sep 21 23:26:02 2015     ;
; Quartus II Version                 ; 10.0 Build 218 06/27/2010 SJ Full Version ;
; Revision Name                      ; lab2_dp                                   ;
; Top-level Entity Name              ; opc5_bustest                              ;
; Family                             ; Cyclone II                                ;
; Device                             ; EP2C35U484C6                              ;
; Timing Models                      ; Final                                     ;
; Met timing requirements            ; Yes                                       ;
; Total logic elements               ; 32 / 33,216 ( < 1 % )                     ;
;     Total combinational functions  ; 32 / 33,216 ( < 1 % )                     ;
;     Dedicated logic registers      ; 24 / 33,216 ( < 1 % )                     ;
; Total registers                    ; 24                                        ;
; Total pins                         ; 38 / 322 ( 12 % )                         ;
; Total virtual pins                 ; 0                                         ;
; Total memory bits                  ; 0 / 483,840 ( 0 % )                       ;
; Embedded Multiplier 9-bit elements ; 0 / 70 ( 0 % )                            ;
; Total PLLs                         ; 0 / 4 ( 0 % )                             ;
+------------------------------------+-------------------------------------------+


+-----------------------------------------+
; Flow Settings                           ;
+-------------------+---------------------+
; Option            ; Setting             ;
+-------------------+---------------------+
; Start date & time ; 09/21/2015 23:25:43 ;
; Main task         ; Compilation         ;
; Revision Name     ; lab2_dp             ;
+-------------------+---------------------+


+----------------------------------------------------------------------------------------------------------------------+
; Flow Non-Default Global Settings                                                                                     ;
+--------------------------------------+-------------------------------+---------------+--------------+----------------+
; Assignment Name                      ; Value                         ; Default Value ; Entity Name  ; Section Id     ;
+--------------------------------------+-------------------------------+---------------+--------------+----------------+
; COMPILER_SIGNATURE_ID                ; 8796758681457.144287074306940 ; --            ; --           ; --             ;
; EDA_DESIGN_INSTANCE_NAME             ; NA                            ; --            ; --           ; tb_opc         ;
; EDA_NATIVELINK_SIMULATION_TEST_BENCH ; tb_opc                        ; --            ; --           ; eda_simulation ;
; EDA_OUTPUT_DATA_FORMAT               ; Vhdl                          ; --            ; --           ; eda_simulation ;
; EDA_SIMULATION_TOOL                  ; ModelSim-Altera (VHDL)        ; <None>        ; --           ; --             ;
; EDA_TEST_BENCH_ENABLE_STATUS         ; TEST_BENCH_MODE               ; --            ; --           ; eda_simulation ;
; EDA_TEST_BENCH_FILE                  ; tb_opc5.vhd                   ; --            ; --           ; tb_opc         ;
; EDA_TEST_BENCH_MODULE_NAME           ; opc5_pack.vhd                 ; --            ; --           ; tb_opc         ;
; EDA_TEST_BENCH_NAME                  ; tb_opc                        ; --            ; --           ; eda_simulation ;
; MAX_CORE_JUNCTION_TEMP               ; 85                            ; --            ; --           ; --             ;
; MIN_CORE_JUNCTION_TEMP               ; 0                             ; --            ; --           ; --             ;
; PARTITION_COLOR                      ; 16764057                      ; --            ; opc5_bustest ; Top            ;
; PARTITION_FITTER_PRESERVATION_LEVEL  ; PLACEMENT_AND_ROUTING         ; --            ; opc5_bustest ; Top            ;
; PARTITION_NETLIST_TYPE               ; SOURCE                        ; --            ; opc5_bustest ; Top            ;
; TOP_LEVEL_ENTITY                     ; opc5_bustest                  ; lab2_dp       ; --           ; --             ;
+--------------------------------------+-------------------------------+---------------+--------------+----------------+


+-----------------------------------------------------------------------------------------------------------------------------+
; Flow Elapsed Time                                                                                                           ;
+-------------------------+--------------+-------------------------+---------------------+------------------------------------+
; Module Name             ; Elapsed Time ; Average Processors Used ; Peak Virtual Memory ; Total CPU Time (on all processors) ;
+-------------------------+--------------+-------------------------+---------------------+------------------------------------+
; Analysis & Synthesis    ; 00:00:03     ; 1.0                     ; --                  ; 00:00:02                           ;
; Fitter                  ; 00:00:08     ; 1.0                     ; --                  ; 00:00:06                           ;
; Assembler               ; 00:00:03     ; 1.0                     ; --                  ; 00:00:02                           ;
; Classic Timing Analyzer ; 00:00:01     ; 1.0                     ; --                  ; 00:00:00                           ;
; EDA Netlist Writer      ; 00:00:01     ; 1.0                     ; --                  ; 00:00:00                           ;
; Total                   ; 00:00:16     ; --                      ; --                  ; 00:00:10                           ;
+-------------------------+--------------+-------------------------+---------------------+------------------------------------+


+-------------------------------------------------------------------------------------------+
; Flow OS Summary                                                                           ;
+-------------------------+------------------+----------------+------------+----------------+
; Module Name             ; Machine Hostname ; OS Name        ; OS Version ; Processor type ;
+-------------------------+------------------+----------------+------------+----------------+
; Analysis & Synthesis    ; vm               ; Ubuntu 10.04.1 ; 10         ; i686           ;
; Fitter                  ; vm               ; Ubuntu 10.04.1 ; 10         ; i686           ;
; Assembler               ; vm               ; Ubuntu 10.04.1 ; 10         ; i686           ;
; Classic Timing Analyzer ; vm               ; Ubuntu 10.04.1 ; 10         ; i686           ;
; EDA Netlist Writer      ; vm               ; Ubuntu 10.04.1 ; 10         ; i686           ;
+-------------------------+------------------+----------------+------------+----------------+


------------
; Flow Log ;
------------
quartus_map --read_settings_files=on --write_settings_files=off lab2_dp -c lab2_dp
quartus_fit --read_settings_files=off --write_settings_files=off lab2_dp -c lab2_dp
quartus_asm --read_settings_files=off --write_settings_files=off lab2_dp -c lab2_dp
quartus_tan --read_settings_files=off --write_settings_files=off lab2_dp -c lab2_dp --timing_analysis_only
quartus_eda --read_settings_files=off --write_settings_files=off lab2_dp -c lab2_dp



