Analysis & Synthesis report for lab2_dp
Mon Sep 21 23:25:46 2015
Quartus II Version 10.0 Build 218 06/27/2010 SJ Full Version


---------------------
; Table of Contents ;
---------------------
  1. Legal Notice
  2. Analysis & Synthesis Summary
  3. Analysis & Synthesis Settings
  4. Analysis & Synthesis Source Files Read
  5. Analysis & Synthesis Resource Usage Summary
  6. Analysis & Synthesis Resource Utilization by Entity
  7. General Register Statistics
  8. Inverted Register Statistics
  9. Parameter Settings for User Entity Instance: Top-level Entity: |opc5_bustest
 10. Parameter Settings for User Entity Instance: reg_gen:T1
 11. Parameter Settings for User Entity Instance: reg_gen:T2
 12. Analysis & Synthesis Messages



----------------
; Legal Notice ;
----------------
Copyright (C) 1991-2010 Altera Corporation
Your use of Altera Corporation's design tools, logic functions 
and other software and tools, and its AMPP partner logic 
functions, and any output files from any of the foregoing 
(including device programming or simulation files), and any 
associated documentation or information are expressly subject 
to the terms and conditions of the Altera Program License 
Subscription Agreement, Altera MegaCore Function License 
Agreement, or other applicable license agreement, including, 
without limitation, that your use is for the sole purpose of 
programming logic devices manufactured by Altera and sold by 
Altera or its authorized distributors.  Please refer to the 
applicable agreement for further details.



+--------------------------------------------------------------------------------+
; Analysis & Synthesis Summary                                                   ;
+------------------------------------+-------------------------------------------+
; Analysis & Synthesis Status        ; Successful - Mon Sep 21 23:25:46 2015     ;
; Quartus II Version                 ; 10.0 Build 218 06/27/2010 SJ Full Version ;
; Revision Name                      ; lab2_dp                                   ;
; Top-level Entity Name              ; opc5_bustest                              ;
; Family                             ; Cyclone II                                ;
; Total logic elements               ; 48                                        ;
;     Total combinational functions  ; 32                                        ;
;     Dedicated logic registers      ; 24                                        ;
; Total registers                    ; 24                                        ;
; Total pins                         ; 38                                        ;
; Total virtual pins                 ; 0                                         ;
; Total memory bits                  ; 0                                         ;
; Embedded Multiplier 9-bit elements ; 0                                         ;
; Total PLLs                         ; 0                                         ;
+------------------------------------+-------------------------------------------+


+----------------------------------------------------------------------------------------------------------------------+
; Analysis & Synthesis Settings                                                                                        ;
+----------------------------------------------------------------------------+--------------------+--------------------+
; Option                                                                     ; Setting            ; Default Value      ;
+----------------------------------------------------------------------------+--------------------+--------------------+
; Device                                                                     ; EP2C35U484C6       ;                    ;
; Top-level entity name                                                      ; opc5_bustest       ; lab2_dp            ;
; Family name                                                                ; Cyclone II         ; Stratix II         ;
; Use smart compilation                                                      ; Off                ; Off                ;
; Enable parallel Assembler and TimeQuest Timing Analyzer during compilation ; On                 ; On                 ;
; Enable compact report table                                                ; Off                ; Off                ;
; Restructure Multiplexers                                                   ; Auto               ; Auto               ;
; Create Debugging Nodes for IP Cores                                        ; Off                ; Off                ;
; Preserve fewer node names                                                  ; On                 ; On                 ;
; Disable OpenCore Plus hardware evaluation                                  ; Off                ; Off                ;
; Verilog Version                                                            ; Verilog_2001       ; Verilog_2001       ;
; VHDL Version                                                               ; VHDL_1993          ; VHDL_1993          ;
; State Machine Processing                                                   ; Auto               ; Auto               ;
; Safe State Machine                                                         ; Off                ; Off                ;
; Extract Verilog State Machines                                             ; On                 ; On                 ;
; Extract VHDL State Machines                                                ; On                 ; On                 ;
; Ignore Verilog initial constructs                                          ; Off                ; Off                ;
; Iteration limit for constant Verilog loops                                 ; 5000               ; 5000               ;
; Iteration limit for non-constant Verilog loops                             ; 250                ; 250                ;
; Add Pass-Through Logic to Inferred RAMs                                    ; On                 ; On                 ;
; Parallel Synthesis                                                         ; On                 ; On                 ;
; DSP Block Balancing                                                        ; Auto               ; Auto               ;
; NOT Gate Push-Back                                                         ; On                 ; On                 ;
; Power-Up Don't Care                                                        ; On                 ; On                 ;
; Remove Redundant Logic Cells                                               ; Off                ; Off                ;
; Remove Duplicate Registers                                                 ; On                 ; On                 ;
; Ignore CARRY Buffers                                                       ; Off                ; Off                ;
; Ignore CASCADE Buffers                                                     ; Off                ; Off                ;
; Ignore GLOBAL Buffers                                                      ; Off                ; Off                ;
; Ignore ROW GLOBAL Buffers                                                  ; Off                ; Off                ;
; Ignore LCELL Buffers                                                       ; Off                ; Off                ;
; Ignore SOFT Buffers                                                        ; On                 ; On                 ;
; Limit AHDL Integers to 32 Bits                                             ; Off                ; Off                ;
; Optimization Technique                                                     ; Balanced           ; Balanced           ;
; Carry Chain Length                                                         ; 70                 ; 70                 ;
; Auto Carry Chains                                                          ; On                 ; On                 ;
; Auto Open-Drain Pins                                                       ; On                 ; On                 ;
; Perform WYSIWYG Primitive Resynthesis                                      ; Off                ; Off                ;
; Auto ROM Replacement                                                       ; On                 ; On                 ;
; Auto RAM Replacement                                                       ; On                 ; On                 ;
; Auto Shift Register Replacement                                            ; Auto               ; Auto               ;
; Auto Clock Enable Replacement                                              ; On                 ; On                 ;
; Strict RAM Replacement                                                     ; Off                ; Off                ;
; Allow Synchronous Control Signals                                          ; On                 ; On                 ;
; Force Use of Synchronous Clear Signals                                     ; Off                ; Off                ;
; Auto RAM to Logic Cell Conversion                                          ; Off                ; Off                ;
; Auto Resource Sharing                                                      ; Off                ; Off                ;
; Allow Any RAM Size For Recognition                                         ; Off                ; Off                ;
; Allow Any ROM Size For Recognition                                         ; Off                ; Off                ;
; Allow Any Shift Register Size For Recognition                              ; Off                ; Off                ;
; Use LogicLock Constraints during Resource Balancing                        ; On                 ; On                 ;
; Ignore translate_off and synthesis_off directives                          ; Off                ; Off                ;
; Timing-Driven Synthesis                                                    ; Off                ; Off                ;
; Report Parameter Settings                                                  ; On                 ; On                 ;
; Report Source Assignments                                                  ; On                 ; On                 ;
; Report Connectivity Checks                                                 ; On                 ; On                 ;
; Ignore Maximum Fan-Out Assignments                                         ; Off                ; Off                ;
; Synchronization Register Chain Length                                      ; 2                  ; 2                  ;
; PowerPlay Power Optimization                                               ; Normal compilation ; Normal compilation ;
; HDL message level                                                          ; Level2             ; Level2             ;
; Suppress Register Optimization Related Messages                            ; Off                ; Off                ;
; Number of Removed Registers Reported in Synthesis Report                   ; 5000               ; 5000               ;
; Number of Inverted Registers Reported in Synthesis Report                  ; 100                ; 100                ;
; Clock MUX Protection                                                       ; On                 ; On                 ;
; Auto Gated Clock Conversion                                                ; Off                ; Off                ;
; Block Design Naming                                                        ; Auto               ; Auto               ;
; SDC constraint protection                                                  ; Off                ; Off                ;
; Synthesis Effort                                                           ; Auto               ; Auto               ;
; Shift Register Replacement - Allow Asynchronous Clear Signal               ; On                 ; On                 ;
; Analysis & Synthesis Message Level                                         ; Medium             ; Medium             ;
; Disable Register Merging Across Hierarchies                                ; Auto               ; Auto               ;
; Resource Aware Inference For Block RAM                                     ; On                 ; On                 ;
; Synthesis Seed                                                             ; 1                  ; 1                  ;
+----------------------------------------------------------------------------+--------------------+--------------------+


+----------------------------------------------------------------------------------------------------------------------------------------------------------------+
; Analysis & Synthesis Source Files Read                                                                                                                         ;
+----------------------------------+-----------------+-----------------+-----------------------------------------------------------------------------------------+
; File Name with User-Entered Path ; Used in Netlist ; File Type       ; File Name with Absolute Path                                                            ;
+----------------------------------+-----------------+-----------------+-----------------------------------------------------------------------------------------+
; reg_gen.vhd                      ; yes             ; User VHDL File  ; /home/il2206/Documents/vhdl_lc/il2217-digital-design-using-hdl/lab2_dp/reg_gen.vhd      ;
; opc5_pack.vhd                    ; yes             ; User VHDL File  ; /home/il2206/Documents/vhdl_lc/il2217-digital-design-using-hdl/lab2_dp/opc5_pack.vhd    ;
; opc5_bustest.vhd                 ; yes             ; User VHDL File  ; /home/il2206/Documents/vhdl_lc/il2217-digital-design-using-hdl/lab2_dp/opc5_bustest.vhd ;
+----------------------------------+-----------------+-----------------+-----------------------------------------------------------------------------------------+


+-----------------------------------------------------+
; Analysis & Synthesis Resource Usage Summary         ;
+---------------------------------------------+-------+
; Resource                                    ; Usage ;
+---------------------------------------------+-------+
; Estimated Total logic elements              ; 48    ;
;                                             ;       ;
; Total combinational functions               ; 32    ;
; Logic element usage by number of LUT inputs ;       ;
;     -- 4 input functions                    ; 24    ;
;     -- 3 input functions                    ; 0     ;
;     -- <=2 input functions                  ; 8     ;
;                                             ;       ;
; Logic elements by mode                      ;       ;
;     -- normal mode                          ; 32    ;
;     -- arithmetic mode                      ; 0     ;
;                                             ;       ;
; Total registers                             ; 24    ;
;     -- Dedicated logic registers            ; 24    ;
;     -- I/O registers                        ; 0     ;
;                                             ;       ;
; I/O pins                                    ; 38    ;
; Maximum fan-out node                        ; clk   ;
; Maximum fan-out                             ; 24    ;
; Total fan-out                               ; 188   ;
; Average fan-out                             ; 2.00  ;
+---------------------------------------------+-------+


+-----------------------------------------------------------------------------------------------------------------------------------------------------------------------------------------------+
; Analysis & Synthesis Resource Utilization by Entity                                                                                                                                           ;
+----------------------------+-------------------+--------------+-------------+------------+--------------+---------+-----------+------+--------------+--------------------------+--------------+
; Compilation Hierarchy Node ; LC Combinationals ; LC Registers ; Memory Bits ; DSP Blocks ; DSP Elements ; DSP 9x9 ; DSP 18x18 ; Pins ; Virtual Pins ; Full Hierarchy Name      ; Library Name ;
+----------------------------+-------------------+--------------+-------------+------------+--------------+---------+-----------+------+--------------+--------------------------+--------------+
; |opc5_bustest              ; 32 (24)           ; 24 (0)       ; 0           ; 0          ; 0            ; 0       ; 0         ; 38   ; 0            ; |opc5_bustest            ;              ;
;    |reg_gen:T1|            ; 4 (4)             ; 12 (12)      ; 0           ; 0          ; 0            ; 0       ; 0         ; 0    ; 0            ; |opc5_bustest|reg_gen:T1 ;              ;
;    |reg_gen:T2|            ; 4 (4)             ; 12 (12)      ; 0           ; 0          ; 0            ; 0       ; 0         ; 0    ; 0            ; |opc5_bustest|reg_gen:T2 ;              ;
+----------------------------+-------------------+--------------+-------------+------------+--------------+---------+-----------+------+--------------+--------------------------+--------------+
Note: For table entries with two numbers listed, the numbers in parentheses indicate the number of resources of the given type used by the specific entity alone. The numbers listed outside of parentheses indicate the total resources of the given type used by the specific entity and all of its sub-entities in the hierarchy.


+------------------------------------------------------+
; General Register Statistics                          ;
+----------------------------------------------+-------+
; Statistic                                    ; Value ;
+----------------------------------------------+-------+
; Total registers                              ; 24    ;
; Number of registers using Synchronous Clear  ; 0     ;
; Number of registers using Synchronous Load   ; 0     ;
; Number of registers using Asynchronous Clear ; 24    ;
; Number of registers using Asynchronous Load  ; 0     ;
; Number of registers using Clock Enable       ; 0     ;
; Number of registers using Preset             ; 0     ;
+----------------------------------------------+-------+


+--------------------------------------------------+
; Inverted Register Statistics                     ;
+----------------------------------------+---------+
; Inverted Register                      ; Fan out ;
+----------------------------------------+---------+
; reg_gen:T1|q[0][0]                     ; 3       ;
; reg_gen:T2|q[0][0]                     ; 3       ;
; reg_gen:T1|q[1][0]                     ; 3       ;
; reg_gen:T2|q[1][0]                     ; 3       ;
; reg_gen:T2|q[2][0]                     ; 4       ;
; reg_gen:T1|q[2][0]                     ; 3       ;
; reg_gen:T2|q[3][0]                     ; 4       ;
; reg_gen:T1|q[3][0]                     ; 3       ;
; Total number of inverted registers = 8 ;         ;
+----------------------------------------+---------+


+------------------------------------------------------------------------------+
; Parameter Settings for User Entity Instance: Top-level Entity: |opc5_bustest ;
+----------------+-------+-----------------------------------------------------+
; Parameter Name ; Value ; Type                                                ;
+----------------+-------+-----------------------------------------------------+
; n              ; 4     ; Signed Integer                                      ;
+----------------+-------+-----------------------------------------------------+
Note: In order to hide this table in the UI and the text report file, please set the "Show Parameter Settings in Synthesis Report" option in "Analysis and Synthesis Settings -> More Settings" to "Off".


+---------------------------------------------------------+
; Parameter Settings for User Entity Instance: reg_gen:T1 ;
+----------------+-------+--------------------------------+
; Parameter Name ; Value ; Type                           ;
+----------------+-------+--------------------------------+
; n              ; 4     ; Signed Integer                 ;
+----------------+-------+--------------------------------+
Note: In order to hide this table in the UI and the text report file, please set the "Show Parameter Settings in Synthesis Report" option in "Analysis and Synthesis Settings -> More Settings" to "Off".


+---------------------------------------------------------+
; Parameter Settings for User Entity Instance: reg_gen:T2 ;
+----------------+-------+--------------------------------+
; Parameter Name ; Value ; Type                           ;
+----------------+-------+--------------------------------+
; n              ; 4     ; Signed Integer                 ;
+----------------+-------+--------------------------------+
Note: In order to hide this table in the UI and the text report file, please set the "Show Parameter Settings in Synthesis Report" option in "Analysis and Synthesis Settings -> More Settings" to "Off".


+-------------------------------+
; Analysis & Synthesis Messages ;
+-------------------------------+
Info: *******************************************************************
Info: Running Quartus II Analysis & Synthesis
    Info: Version 10.0 Build 218 06/27/2010 SJ Full Version
    Info: Processing started: Mon Sep 21 23:25:43 2015
Info: Command: quartus_map --read_settings_files=on --write_settings_files=off lab2_dp -c lab2_dp
Info: Only one processor detected - disabling parallel compilation
Info: Found 2 design units, including 1 entities, in source file DLatch2.vhd
    Info: Found design unit 1: DLatch2-behavioural
    Info: Found entity 1: DLatch2
Info: Found 2 design units, including 1 entities, in source file Dflipflop.vhd
    Info: Found design unit 1: Dflipflop-behavioural
    Info: Found entity 1: Dflipflop
Info: Found 2 design units, including 1 entities, in source file SRLatch.vhd
    Info: Found design unit 1: SRLatch-dataflow
    Info: Found entity 1: SRLatch
Info: Found 2 design units, including 1 entities, in source file test_SRLatch_1.vhd
    Info: Found design unit 1: test-test_SRLatch_1
    Info: Found entity 1: test
Info: Found 2 design units, including 1 entities, in source file SRLatch_nor.vhd
    Info: Found design unit 1: SRLatch_nor-dataflow
    Info: Found entity 1: SRLatch_nor
Info: Found 2 design units, including 1 entities, in source file test_SRLatch_2.vhd
    Info: Found design unit 1: test_nor-test_SRLatch_2
    Info: Found entity 1: test_nor
Info: Found 2 design units, including 1 entities, in source file test_Dbit.vhd
    Info: Found design unit 1: testdbit-tb_Dbit
    Info: Found entity 1: testdbit
Info: Found 2 design units, including 1 entities, in source file reg_gen.vhd
    Info: Found design unit 1: reg_gen-bhv
    Info: Found entity 1: reg_gen
Info: Found 2 design units, including 1 entities, in source file tb_reg_gen.vhd
    Info: Found design unit 1: testreg-tb_reg
    Info: Found entity 1: testreg
Info: Found 2 design units, including 1 entities, in source file Dflipflop_bit.vhd
    Info: Found design unit 1: Dflipflop_bit-behavioural
    Info: Found entity 1: Dflipflop_bit
Info: Found 2 design units, including 1 entities, in source file DLatch2_bit.vhd
    Info: Found design unit 1: DLatch2_bit-behavioural
    Info: Found entity 1: DLatch2_bit
Info: Found 2 design units, including 1 entities, in source file test_Dstd_logic.vhd
    Info: Found design unit 1: teststd_logic-tb_std_logic
    Info: Found entity 1: teststd_logic
Info: Found 2 design units, including 0 entities, in source file opc5_pack.vhd
    Info: Found design unit 1: opc5_pack
    Info: Found design unit 2: opc5_pack-body
Info: Found 2 design units, including 1 entities, in source file tb_opc5.vhd
    Info: Found design unit 1: test_opc-arch
    Info: Found entity 1: test_opc
Info: Found 2 design units, including 1 entities, in source file opc5_bustest.vhd
    Info: Found design unit 1: opc5_bustest-blv
    Info: Found entity 1: opc5_bustest
Info: Elaborating entity "opc5_bustest" for the top level hierarchy
Info: Elaborating entity "reg_gen" for hierarchy "reg_gen:T1"
Info: Registers with preset signals will power-up high
Info: DEV_CLRn pin will set, and not reset, register with preset signal due to NOT Gate Push-Back
Critical Warning: Ignored Power-Up Level option on the following registers
    Critical Warning (18010): Register reg_gen:T2|q[0][0] will power up to High
    Critical Warning (18010): Register reg_gen:T1|q[0][0] will power up to High
    Critical Warning (18010): Register reg_gen:T2|q[1][0] will power up to High
    Critical Warning (18010): Register reg_gen:T1|q[1][0] will power up to High
    Critical Warning (18010): Register reg_gen:T2|q[2][0] will power up to High
    Critical Warning (18010): Register reg_gen:T1|q[2][0] will power up to High
    Critical Warning (18010): Register reg_gen:T2|q[3][0] will power up to High
    Critical Warning (18010): Register reg_gen:T1|q[3][0] will power up to High
Info: Generating hard_block partition "hard_block:auto_generated_inst"
Info: Implemented 86 device resources after synthesis - the final resource count might be different
    Info: Implemented 26 input pins
    Info: Implemented 12 output pins
    Info: Implemented 48 logic cells
Info: Quartus II Analysis & Synthesis was successful. 0 errors, 9 warnings
    Info: Peak virtual memory: 256 megabytes
    Info: Processing ended: Mon Sep 21 23:25:46 2015
    Info: Elapsed time: 00:00:03
    Info: Total CPU time (on all processors): 00:00:02


